#
# There is insufficient memory for the Java Runtime Environment to continue.
# Native memory allocation (mmap) failed to map 65536 bytes for Failed to commit metaspace.
# Possible reasons:
#   The system is out of physical RAM or swap space
#   The process is running with CompressedOops enabled, and the Java Heap may be blocking the growth of the native heap
# Possible solutions:
#   Reduce memory load on the system
#   Increase physical memory or swap space
#   Check if swap backing store is full
#   Decrease Java heap size (-Xmx/-Xms)
#   Decrease number of Java threads
#   Decrease Java thread stack sizes (-Xss)
#   Set larger code cache with -XX:ReservedCodeCacheSize=
#   JVM is running with Unscaled Compressed Oops mode in which the Java heap is
#     placed in the first 4GB address space. The Java Heap base address is the
#     maximum limit for the native heap growth. Please use -XX:HeapBaseMinAddress
#     to set the Java Heap base and to place the Java Heap above 4GB virtual address.
# This output file may be truncated or incomplete.
#
#  Out of Memory Error (virtualSpaceNode.cpp:110), pid=17328, tid=7988
#
# JRE version: Java(TM) SE Runtime Environment (17.0.2+8) (build 17.0.2+8-LTS-86)
# Java VM: Java HotSpot(TM) 64-Bit Server VM (17.0.2+8-LTS-86, mixed mode, emulated-client, sharing, tiered, compressed oops, compressed class ptrs, g1 gc, windows-amd64)
# No core dump will be written. Minidumps are not enabled by default on client versions of Windows
#

---------------  S U M M A R Y ------------

Command Line: -XX:TieredStopAtLevel=1 -Dspring.output.ansi.enabled=always -Dcom.sun.management.jmxremote -Dspring.jmx.enabled=true -Dspring.liveBeansView.mbeanDomain -Dspring.application.admin.enabled=true -javaagent:C:\Program Files\JetBrains\IntelliJ IDEA 2022.2.2\lib\idea_rt.jar=64599:C:\Program Files\JetBrains\IntelliJ IDEA 2022.2.2\bin -Dfile.encoding=UTF-8 com.example.controlejee_ikramboussairi.ControleJeeIkramBoussairiApplication

Host: Intel(R) Core(TM) i7-6600U CPU @ 2.60GHz, 4 cores, 7G,  Windows 10 , 64 bit Build 19041 (10.0.19041.2546)
Time: Mon Apr 17 10:16:32 2023 Maroc elapsed time: 1.989026 seconds (0d 0h 0m 1s)

---------------  T H R E A D  ---------------

Current thread (0x000001c17d33c880):  JavaThread "main" [_thread_in_vm, id=7988, stack(0x0000000525200000,0x0000000525300000)]

Stack: [0x0000000525200000,0x0000000525300000]
Native frames: (J=compiled Java code, j=interpreted, Vv=VM code, C=native code)
V  [jvm.dll+0x670baa]
V  [jvm.dll+0x7cfcb4]
V  [jvm.dll+0x7d145e]
V  [jvm.dll+0x7d1ac3]
V  [jvm.dll+0x242bc5]
V  [jvm.dll+0x7cbc5b]
V  [jvm.dll+0x616966]
V  [jvm.dll+0x1be3ee]
V  [jvm.dll+0x6192a1]
V  [jvm.dll+0x617306]
V  [jvm.dll+0x2385a0]
V  [jvm.dll+0x1e880d]
V  [jvm.dll+0x1de251]
V  [jvm.dll+0x537c30]
V  [jvm.dll+0x74ad28]
V  [jvm.dll+0x74ae14]
V  [jvm.dll+0x408cc5]
V  [jvm.dll+0x40ed18]
C  [java.dll+0x17ec]

Java frames: (J=compiled Java code, j=interpreted, Vv=VM code)
J 1136  java.lang.ClassLoader.defineClass1(Ljava/lang/ClassLoader;Ljava/lang/String;[BIILjava/security/ProtectionDomain;Ljava/lang/String;)Ljava/lang/Class; java.base@17.0.2 (0 bytes) @ 0x000001c107b444e3 [0x000001c107b44420+0x00000000000000c3]
J 1167 c1 java.lang.ClassLoader.defineClass(Ljava/lang/String;[BIILjava/security/ProtectionDomain;)Ljava/lang/Class; java.base@17.0.2 (43 bytes) @ 0x000001c107b5365c [0x000001c107b53560+0x00000000000000fc]
J 1156 c1 jdk.internal.loader.BuiltinClassLoader.defineClass(Ljava/lang/String;Ljdk/internal/loader/Resource;)Ljava/lang/Class; java.base@17.0.2 (121 bytes) @ 0x000001c107b50464 [0x000001c107b4ffa0+0x00000000000004c4]
J 1137 c1 jdk.internal.loader.BuiltinClassLoader.findClassOnClassPathOrNull(Ljava/lang/String;)Ljava/lang/Class; java.base@17.0.2 (64 bytes) @ 0x000001c107b46334 [0x000001c107b46080+0x00000000000002b4]
J 968 c1 jdk.internal.loader.BuiltinClassLoader.loadClassOrNull(Ljava/lang/String;Z)Ljava/lang/Class; java.base@17.0.2 (143 bytes) @ 0x000001c107af5f5c [0x000001c107af5b00+0x000000000000045c]
J 1052 c1 jdk.internal.loader.ClassLoaders$AppClassLoader.loadClass(Ljava/lang/String;Z)Ljava/lang/Class; java.base@17.0.2 (40 bytes) @ 0x000001c107b221a4 [0x000001c107b22060+0x0000000000000144]
J 1045 c1 java.lang.ClassLoader.loadClass(Ljava/lang/String;)Ljava/lang/Class; java.base@17.0.2 (7 bytes) @ 0x000001c107b1d1e4 [0x000001c107b1d1a0+0x0000000000000044]
v  ~StubRoutines::call_stub
j  org.springframework.boot.context.config.ConfigDataEnvironment.getIncludedProfiles(Lorg/springframework/boot/context/config/ConfigDataEnvironmentContributors;Lorg/springframework/boot/context/config/ConfigDataActivationContext;)Ljava/util/Collection;+89
j  org.springframework.boot.context.config.ConfigDataEnvironment.withProfiles(Lorg/springframework/boot/context/config/ConfigDataEnvironmentContributors;Lorg/springframework/boot/context/config/ConfigDataActivationContext;)Lorg/springframework/boot/context/config/ConfigDataActivationContext;+51
j  org.springframework.boot.context.config.ConfigDataEnvironment.processAndApply()V+77
j  org.springframework.boot.context.config.ConfigDataEnvironmentPostProcessor.postProcessEnvironment(Lorg/springframework/core/env/ConfigurableEnvironment;Lorg/springframework/core/io/ResourceLoader;Ljava/util/Collection;)V+34
j  org.springframework.boot.context.config.ConfigDataEnvironmentPostProcessor.postProcessEnvironment(Lorg/springframework/core/env/ConfigurableEnvironment;Lorg/springframework/boot/SpringApplication;)V+10
j  org.springframework.boot.env.EnvironmentPostProcessorApplicationListener.onApplicationEnvironmentPreparedEvent(Lorg/springframework/boot/context/event/ApplicationEnvironmentPreparedEvent;)V+55
j  org.springframework.boot.env.EnvironmentPostProcessorApplicationListener.onApplicationEvent(Lorg/springframework/context/ApplicationEvent;)V+14
j  org.springframework.context.event.SimpleApplicationEventMulticaster.doInvokeListener(Lorg/springframework/context/ApplicationListener;Lorg/springframework/context/ApplicationEvent;)V+2
j  org.springframework.context.event.SimpleApplicationEventMulticaster.invokeListener(Lorg/springframework/context/ApplicationListener;Lorg/springframework/context/ApplicationEvent;)V+34
j  org.springframework.context.event.SimpleApplicationEventMulticaster.multicastEvent(Lorg/springframework/context/ApplicationEvent;Lorg/springframework/core/ResolvableType;)V+83
j  org.springframework.context.event.SimpleApplicationEventMulticaster.multicastEvent(Lorg/springframework/context/ApplicationEvent;)V+7
j  org.springframework.boot.context.event.EventPublishingRunListener.multicastInitialEvent(Lorg/springframework/context/ApplicationEvent;)V+9
j  org.springframework.boot.context.event.EventPublishingRunListener.environmentPrepared(Lorg/springframework/boot/ConfigurableBootstrapContext;Lorg/springframework/core/env/ConfigurableEnvironment;)V+18
j  org.springframework.boot.SpringApplicationRunListeners.lambda$environmentPrepared$2(Lorg/springframework/boot/ConfigurableBootstrapContext;Lorg/springframework/core/env/ConfigurableEnvironment;Lorg/springframework/boot/SpringApplicationRunListener;)V+3
j  org.springframework.boot.SpringApplicationRunListeners$$Lambda$158+0x0000000800d1e000.accept(Ljava/lang/Object;)V+12
j  java.lang.Iterable.forEach(Ljava/util/function/Consumer;)V+30 java.base@17.0.2
j  org.springframework.boot.SpringApplicationRunListeners.doWithListeners(Ljava/lang/String;Ljava/util/function/Consumer;Ljava/util/function/Consumer;)V+17
j  org.springframework.boot.SpringApplicationRunListeners.doWithListeners(Ljava/lang/String;Ljava/util/function/Consumer;)V+4
j  org.springframework.boot.SpringApplicationRunListeners.environmentPrepared(Lorg/springframework/boot/ConfigurableBootstrapContext;Lorg/springframework/core/env/ConfigurableEnvironment;)V+10
j  org.springframework.boot.SpringApplication.prepareEnvironment(Lorg/springframework/boot/SpringApplicationRunListeners;Lorg/springframework/boot/DefaultBootstrapContext;Lorg/springframework/boot/ApplicationArguments;)Lorg/springframework/core/env/ConfigurableEnvironment;+27
j  org.springframework.boot.SpringApplication.run([Ljava/lang/String;)Lorg/springframework/context/ConfigurableApplicationContext;+52
j  org.springframework.boot.SpringApplication.run([Ljava/lang/Class;[Ljava/lang/String;)Lorg/springframework/context/ConfigurableApplicationContext;+9
j  org.springframework.boot.SpringApplication.run(Ljava/lang/Class;[Ljava/lang/String;)Lorg/springframework/context/ConfigurableApplicationContext;+9
j  com.example.controlejee_ikramboussairi.ControleJeeIkramBoussairiApplication.main([Ljava/lang/String;)V+3
v  ~StubRoutines::call_stub

---------------  P R O C E S S  ---------------

Threads class SMR info:
_java_thread_list=0x000001c110033040, length=17, elements={
0x000001c17d33c880, 0x000001c10e95eba0, 0x000001c10e95f920, 0x000001c10e971840,
0x000001c10e974110, 0x000001c10e9749d0, 0x000001c10e975290, 0x000001c10e975c00,
0x000001c10e976500, 0x000001c10e949bf0, 0x000001c10ea1d3f0, 0x000001c10ea1db90,
0x000001c10f7d2540, 0x000001c10f7d57f0, 0x000001c10fd4ef80, 0x000001c1100ec370,
0x000001c1100f3010
}

Java Threads: ( => current thread )
=>0x000001c17d33c880 JavaThread "main" [_thread_in_vm, id=7988, stack(0x0000000525200000,0x0000000525300000)]
  0x000001c10e95eba0 JavaThread "Reference Handler" daemon [_thread_blocked, id=9748, stack(0x0000000525900000,0x0000000525a00000)]
  0x000001c10e95f920 JavaThread "Finalizer" daemon [_thread_blocked, id=12348, stack(0x0000000525a00000,0x0000000525b00000)]
  0x000001c10e971840 JavaThread "Signal Dispatcher" daemon [_thread_blocked, id=15048, stack(0x0000000525b00000,0x0000000525c00000)]
  0x000001c10e974110 JavaThread "Attach Listener" daemon [_thread_blocked, id=15380, stack(0x0000000525c00000,0x0000000525d00000)]
  0x000001c10e9749d0 JavaThread "Service Thread" daemon [_thread_blocked, id=17172, stack(0x0000000525d00000,0x0000000525e00000)]
  0x000001c10e975290 JavaThread "Monitor Deflation Thread" daemon [_thread_blocked, id=11864, stack(0x0000000525e00000,0x0000000525f00000)]
  0x000001c10e975c00 JavaThread "C1 CompilerThread0" daemon [_thread_blocked, id=17448, stack(0x0000000525f00000,0x0000000526000000)]
  0x000001c10e976500 JavaThread "Sweeper thread" daemon [_thread_blocked, id=17208, stack(0x0000000526000000,0x0000000526100000)]
  0x000001c10e949bf0 JavaThread "Common-Cleaner" daemon [_thread_blocked, id=9452, stack(0x0000000526100000,0x0000000526200000)]
  0x000001c10ea1d3f0 JavaThread "C1 CompilerThread1" daemon [_thread_blocked, id=17652, stack(0x0000000526200000,0x0000000526300000)]
  0x000001c10ea1db90 JavaThread "C1 CompilerThread2" daemon [_thread_blocked, id=14748, stack(0x0000000526300000,0x0000000526400000)]
  0x000001c10f7d2540 JavaThread "Monitor Ctrl-Break" daemon [_thread_in_native, id=2392, stack(0x0000000526400000,0x0000000526500000)]
  0x000001c10f7d57f0 JavaThread "Notification Thread" daemon [_thread_blocked, id=3952, stack(0x0000000526500000,0x0000000526600000)]
  0x000001c10fd4ef80 JavaThread "RMI TCP Accept-0" daemon [_thread_in_native, id=14932, stack(0x0000000526600000,0x0000000526700000)]
  0x000001c1100ec370 JavaThread "RMI TCP Connection(1)-192.168.56.1" daemon [_thread_in_native, id=9740, stack(0x0000000526c00000,0x0000000526d00000)]
  0x000001c1100f3010 JavaThread "RMI Scheduler(0)" daemon [_thread_blocked, id=14604, stack(0x0000000526d00000,0x0000000526e00000)]

Other Threads:
  0x000001c10e959030 VMThread "VM Thread" [stack: 0x0000000525800000,0x0000000525900000] [id=9628]
  0x000001c10fc54250 WatcherThread [stack: 0x0000000526700000,0x0000000526800000] [id=9348]
  0x000001c17d3795e0 GCTaskThread "GC Thread#0" [stack: 0x0000000525300000,0x0000000525400000] [id=9964]
  0x000001c10fdb7a50 GCTaskThread "GC Thread#1" [stack: 0x0000000526800000,0x0000000526900000] [id=17048]
  0x000001c10fd87630 GCTaskThread "GC Thread#2" [stack: 0x0000000526900000,0x0000000526a00000] [id=9120]
  0x000001c10fe12940 GCTaskThread "GC Thread#3" [stack: 0x0000000526a00000,0x0000000526b00000] [id=12800]
  0x000001c17d38d0e0 ConcurrentGCThread "G1 Main Marker" [stack: 0x0000000525400000,0x0000000525500000] [id=14192]
  0x000001c17d38e1a0 ConcurrentGCThread "G1 Conc#0" [stack: 0x0000000525500000,0x0000000525600000] [id=17616]
  0x000001c17d4038d0 ConcurrentGCThread "G1 Refine#0" [stack: 0x0000000525600000,0x0000000525700000] [id=8980]
  0x000001c10fdfb440 ConcurrentGCThread "G1 Refine#1" [stack: 0x0000000526b00000,0x0000000526c00000] [id=18284]
  0x000001c17d404200 ConcurrentGCThread "G1 Service" [stack: 0x0000000525700000,0x0000000525800000] [id=3124]

Threads with active compile tasks:

VM state: not at safepoint (normal execution)

VM Mutex/Monitor currently owned by a thread:  ([mutex/lock_event])
[0x000001c17d335ab0] Metaspace_lock - owner thread: 0x000001c17d33c880

Heap address: 0x0000000081c00000, size: 2020 MB, Compressed Oops mode: 32-bit

CDS archive(s) mapped at: [0x0000000800000000-0x0000000800bc0000-0x0000000800bc0000), size 12320768, SharedBaseAddress: 0x0000000800000000, ArchiveRelocationMode: 0.
Compressed class space mapped at: 0x0000000800c00000-0x0000000840c00000, reserved size: 1073741824
Narrow klass base: 0x0000000800000000, Narrow klass shift: 0, Narrow klass range: 0x100000000

GC Precious Log:
 CPUs: 4 total, 4 available
 Memory: 8072M
 Large Page Support: Disabled
 NUMA Support: Disabled
 Compressed Oops: Enabled (32-bit)
 Heap Region Size: 1M
 Heap Min Capacity: 8M
 Heap Initial Capacity: 128M
 Heap Max Capacity: 2020M
 Pre-touch: Disabled
 Parallel Workers: 4
 Concurrent Workers: 1
 Concurrent Refinement Workers: 4
 Periodic GC: Disabled

Heap:
 garbage-first heap   total 131072K, used 18544K [0x0000000081c00000, 0x0000000100000000)
  region size 1024K, 13 young (13312K), 1 survivors (1024K)
 Metaspace       used 9764K, committed 10048K, reserved 1064960K
  class space    used 1304K, committed 1472K, reserved 1048576K

Heap Regions: E=young(eden), S=young(survivor), O=old, HS=humongous(starts), HC=humongous(continues), CS=collection set, F=free, OA=open archive, CA=closed archive, TAMS=top-at-mark-start (previous, next)
|   0|0x0000000081c00000, 0x0000000081d00000, 0x0000000081d00000|100%|HS|  |TAMS 0x0000000081c00000, 0x0000000081c00000| Complete 
|   1|0x0000000081d00000, 0x0000000081e00000, 0x0000000081e00000|100%| O|  |TAMS 0x0000000081d00000, 0x0000000081d00000| Untracked 
|   2|0x0000000081e00000, 0x0000000081f00000, 0x0000000081f00000|100%| O|  |TAMS 0x0000000081e00000, 0x0000000081e00000| Untracked 
|   3|0x0000000081f00000, 0x0000000082000000, 0x0000000082000000|100%| O|  |TAMS 0x0000000081f00000, 0x0000000081f00000| Untracked 
|   4|0x0000000082000000, 0x0000000082100000, 0x0000000082100000|100%| O|  |TAMS 0x0000000082000000, 0x0000000082000000| Untracked 
|   5|0x0000000082100000, 0x0000000082200000, 0x0000000082200000|100%| O|  |TAMS 0x0000000082100000, 0x0000000082100000| Untracked 
|   6|0x0000000082200000, 0x000000008226ae00, 0x0000000082300000| 41%| O|  |TAMS 0x0000000082200000, 0x0000000082200000| Untracked 
|   7|0x0000000082300000, 0x0000000082300000, 0x0000000082400000|  0%| F|  |TAMS 0x0000000082300000, 0x0000000082300000| Untracked 
|   8|0x0000000082400000, 0x0000000082400000, 0x0000000082500000|  0%| F|  |TAMS 0x0000000082400000, 0x0000000082400000| Untracked 
|   9|0x0000000082500000, 0x0000000082500000, 0x0000000082600000|  0%| F|  |TAMS 0x0000000082500000, 0x0000000082500000| Untracked 
|  10|0x0000000082600000, 0x0000000082600000, 0x0000000082700000|  0%| F|  |TAMS 0x0000000082600000, 0x0000000082600000| Untracked 
|  11|0x0000000082700000, 0x0000000082700000, 0x0000000082800000|  0%| F|  |TAMS 0x0000000082700000, 0x0000000082700000| Untracked 
|  12|0x0000000082800000, 0x0000000082800000, 0x0000000082900000|  0%| F|  |TAMS 0x0000000082800000, 0x0000000082800000| Untracked 
|  13|0x0000000082900000, 0x0000000082900000, 0x0000000082a00000|  0%| F|  |TAMS 0x0000000082900000, 0x0000000082900000| Untracked 
|  14|0x0000000082a00000, 0x0000000082a00000, 0x0000000082b00000|  0%| F|  |TAMS 0x0000000082a00000, 0x0000000082a00000| Untracked 
|  15|0x0000000082b00000, 0x0000000082b00000, 0x0000000082c00000|  0%| F|  |TAMS 0x0000000082b00000, 0x0000000082b00000| Untracked 
|  16|0x0000000082c00000, 0x0000000082c00000, 0x0000000082d00000|  0%| F|  |TAMS 0x0000000082c00000, 0x0000000082c00000| Untracked 
|  17|0x0000000082d00000, 0x0000000082d00000, 0x0000000082e00000|  0%| F|  |TAMS 0x0000000082d00000, 0x0000000082d00000| Untracked 
|  18|0x0000000082e00000, 0x0000000082e00000, 0x0000000082f00000|  0%| F|  |TAMS 0x0000000082e00000, 0x0000000082e00000| Untracked 
|  19|0x0000000082f00000, 0x0000000082f00000, 0x0000000083000000|  0%| F|  |TAMS 0x0000000082f00000, 0x0000000082f00000| Untracked 
|  20|0x0000000083000000, 0x0000000083000000, 0x0000000083100000|  0%| F|  |TAMS 0x0000000083000000, 0x0000000083000000| Untracked 
|  21|0x0000000083100000, 0x0000000083100000, 0x0000000083200000|  0%| F|  |TAMS 0x0000000083100000, 0x0000000083100000| Untracked 
|  22|0x0000000083200000, 0x0000000083200000, 0x0000000083300000|  0%| F|  |TAMS 0x0000000083200000, 0x0000000083200000| Untracked 
|  23|0x0000000083300000, 0x0000000083300000, 0x0000000083400000|  0%| F|  |TAMS 0x0000000083300000, 0x0000000083300000| Untracked 
|  24|0x0000000083400000, 0x0000000083400000, 0x0000000083500000|  0%| F|  |TAMS 0x0000000083400000, 0x0000000083400000| Untracked 
|  25|0x0000000083500000, 0x0000000083500000, 0x0000000083600000|  0%| F|  |TAMS 0x0000000083500000, 0x0000000083500000| Untracked 
|  26|0x0000000083600000, 0x0000000083600000, 0x0000000083700000|  0%| F|  |TAMS 0x0000000083600000, 0x0000000083600000| Untracked 
|  27|0x0000000083700000, 0x0000000083700000, 0x0000000083800000|  0%| F|  |TAMS 0x0000000083700000, 0x0000000083700000| Untracked 
|  28|0x0000000083800000, 0x0000000083800000, 0x0000000083900000|  0%| F|  |TAMS 0x0000000083800000, 0x0000000083800000| Untracked 
|  29|0x0000000083900000, 0x0000000083900000, 0x0000000083a00000|  0%| F|  |TAMS 0x0000000083900000, 0x0000000083900000| Untracked 
|  30|0x0000000083a00000, 0x0000000083a00000, 0x0000000083b00000|  0%| F|  |TAMS 0x0000000083a00000, 0x0000000083a00000| Untracked 
|  31|0x0000000083b00000, 0x0000000083b00000, 0x0000000083c00000|  0%| F|  |TAMS 0x0000000083b00000, 0x0000000083b00000| Untracked 
|  32|0x0000000083c00000, 0x0000000083c00000, 0x0000000083d00000|  0%| F|  |TAMS 0x0000000083c00000, 0x0000000083c00000| Untracked 
|  33|0x0000000083d00000, 0x0000000083d00000, 0x0000000083e00000|  0%| F|  |TAMS 0x0000000083d00000, 0x0000000083d00000| Untracked 
|  34|0x0000000083e00000, 0x0000000083e00000, 0x0000000083f00000|  0%| F|  |TAMS 0x0000000083e00000, 0x0000000083e00000| Untracked 
|  35|0x0000000083f00000, 0x0000000083f00000, 0x0000000084000000|  0%| F|  |TAMS 0x0000000083f00000, 0x0000000083f00000| Untracked 
|  36|0x0000000084000000, 0x0000000084000000, 0x0000000084100000|  0%| F|  |TAMS 0x0000000084000000, 0x0000000084000000| Untracked 
|  37|0x0000000084100000, 0x0000000084100000, 0x0000000084200000|  0%| F|  |TAMS 0x0000000084100000, 0x0000000084100000| Untracked 
|  38|0x0000000084200000, 0x0000000084200000, 0x0000000084300000|  0%| F|  |TAMS 0x0000000084200000, 0x0000000084200000| Untracked 
|  39|0x0000000084300000, 0x0000000084300000, 0x0000000084400000|  0%| F|  |TAMS 0x0000000084300000, 0x0000000084300000| Untracked 
|  40|0x0000000084400000, 0x0000000084400000, 0x0000000084500000|  0%| F|  |TAMS 0x0000000084400000, 0x0000000084400000| Untracked 
|  41|0x0000000084500000, 0x0000000084500000, 0x0000000084600000|  0%| F|  |TAMS 0x0000000084500000, 0x0000000084500000| Untracked 
|  42|0x0000000084600000, 0x0000000084600000, 0x0000000084700000|  0%| F|  |TAMS 0x0000000084600000, 0x0000000084600000| Untracked 
|  43|0x0000000084700000, 0x0000000084700000, 0x0000000084800000|  0%| F|  |TAMS 0x0000000084700000, 0x0000000084700000| Untracked 
|  44|0x0000000084800000, 0x0000000084800000, 0x0000000084900000|  0%| F|  |TAMS 0x0000000084800000, 0x0000000084800000| Untracked 
|  45|0x0000000084900000, 0x0000000084900000, 0x0000000084a00000|  0%| F|  |TAMS 0x0000000084900000, 0x0000000084900000| Untracked 
|  46|0x0000000084a00000, 0x0000000084a00000, 0x0000000084b00000|  0%| F|  |TAMS 0x0000000084a00000, 0x0000000084a00000| Untracked 
|  47|0x0000000084b00000, 0x0000000084b00000, 0x0000000084c00000|  0%| F|  |TAMS 0x0000000084b00000, 0x0000000084b00000| Untracked 
|  48|0x0000000084c00000, 0x0000000084c00000, 0x0000000084d00000|  0%| F|  |TAMS 0x0000000084c00000, 0x0000000084c00000| Untracked 
|  49|0x0000000084d00000, 0x0000000084d00000, 0x0000000084e00000|  0%| F|  |TAMS 0x0000000084d00000, 0x0000000084d00000| Untracked 
|  50|0x0000000084e00000, 0x0000000084e00000, 0x0000000084f00000|  0%| F|  |TAMS 0x0000000084e00000, 0x0000000084e00000| Untracked 
|  51|0x0000000084f00000, 0x0000000084f00000, 0x0000000085000000|  0%| F|  |TAMS 0x0000000084f00000, 0x0000000084f00000| Untracked 
|  52|0x0000000085000000, 0x0000000085000000, 0x0000000085100000|  0%| F|  |TAMS 0x0000000085000000, 0x0000000085000000| Untracked 
|  53|0x0000000085100000, 0x0000000085100000, 0x0000000085200000|  0%| F|  |TAMS 0x0000000085100000, 0x0000000085100000| Untracked 
|  54|0x0000000085200000, 0x0000000085200000, 0x0000000085300000|  0%| F|  |TAMS 0x0000000085200000, 0x0000000085200000| Untracked 
|  55|0x0000000085300000, 0x0000000085300000, 0x0000000085400000|  0%| F|  |TAMS 0x0000000085300000, 0x0000000085300000| Untracked 
|  56|0x0000000085400000, 0x0000000085400000, 0x0000000085500000|  0%| F|  |TAMS 0x0000000085400000, 0x0000000085400000| Untracked 
|  57|0x0000000085500000, 0x0000000085500000, 0x0000000085600000|  0%| F|  |TAMS 0x0000000085500000, 0x0000000085500000| Untracked 
|  58|0x0000000085600000, 0x0000000085600000, 0x0000000085700000|  0%| F|  |TAMS 0x0000000085600000, 0x0000000085600000| Untracked 
|  59|0x0000000085700000, 0x0000000085700000, 0x0000000085800000|  0%| F|  |TAMS 0x0000000085700000, 0x0000000085700000| Untracked 
|  60|0x0000000085800000, 0x0000000085800000, 0x0000000085900000|  0%| F|  |TAMS 0x0000000085800000, 0x0000000085800000| Untracked 
|  61|0x0000000085900000, 0x0000000085900000, 0x0000000085a00000|  0%| F|  |TAMS 0x0000000085900000, 0x0000000085900000| Untracked 
|  62|0x0000000085a00000, 0x0000000085a00000, 0x0000000085b00000|  0%| F|  |TAMS 0x0000000085a00000, 0x0000000085a00000| Untracked 
|  63|0x0000000085b00000, 0x0000000085b00000, 0x0000000085c00000|  0%| F|  |TAMS 0x0000000085b00000, 0x0000000085b00000| Untracked 
|  64|0x0000000085c00000, 0x0000000085c00000, 0x0000000085d00000|  0%| F|  |TAMS 0x0000000085c00000, 0x0000000085c00000| Untracked 
|  65|0x0000000085d00000, 0x0000000085d00000, 0x0000000085e00000|  0%| F|  |TAMS 0x0000000085d00000, 0x0000000085d00000| Untracked 
|  66|0x0000000085e00000, 0x0000000085e00000, 0x0000000085f00000|  0%| F|  |TAMS 0x0000000085e00000, 0x0000000085e00000| Untracked 
|  67|0x0000000085f00000, 0x0000000085f00000, 0x0000000086000000|  0%| F|  |TAMS 0x0000000085f00000, 0x0000000085f00000| Untracked 
|  68|0x0000000086000000, 0x0000000086000000, 0x0000000086100000|  0%| F|  |TAMS 0x0000000086000000, 0x0000000086000000| Untracked 
|  69|0x0000000086100000, 0x0000000086100000, 0x0000000086200000|  0%| F|  |TAMS 0x0000000086100000, 0x0000000086100000| Untracked 
|  70|0x0000000086200000, 0x0000000086200000, 0x0000000086300000|  0%| F|  |TAMS 0x0000000086200000, 0x0000000086200000| Untracked 
|  71|0x0000000086300000, 0x0000000086300000, 0x0000000086400000|  0%| F|  |TAMS 0x0000000086300000, 0x0000000086300000| Untracked 
|  72|0x0000000086400000, 0x0000000086400000, 0x0000000086500000|  0%| F|  |TAMS 0x0000000086400000, 0x0000000086400000| Untracked 
|  73|0x0000000086500000, 0x0000000086500000, 0x0000000086600000|  0%| F|  |TAMS 0x0000000086500000, 0x0000000086500000| Untracked 
|  74|0x0000000086600000, 0x0000000086600000, 0x0000000086700000|  0%| F|  |TAMS 0x0000000086600000, 0x0000000086600000| Untracked 
|  75|0x0000000086700000, 0x0000000086700000, 0x0000000086800000|  0%| F|  |TAMS 0x0000000086700000, 0x0000000086700000| Untracked 
|  76|0x0000000086800000, 0x0000000086800000, 0x0000000086900000|  0%| F|  |TAMS 0x0000000086800000, 0x0000000086800000| Untracked 
|  77|0x0000000086900000, 0x0000000086900000, 0x0000000086a00000|  0%| F|  |TAMS 0x0000000086900000, 0x0000000086900000| Untracked 
|  78|0x0000000086a00000, 0x0000000086a00000, 0x0000000086b00000|  0%| F|  |TAMS 0x0000000086a00000, 0x0000000086a00000| Untracked 
|  79|0x0000000086b00000, 0x0000000086b00000, 0x0000000086c00000|  0%| F|  |TAMS 0x0000000086b00000, 0x0000000086b00000| Untracked 
|  80|0x0000000086c00000, 0x0000000086c00000, 0x0000000086d00000|  0%| F|  |TAMS 0x0000000086c00000, 0x0000000086c00000| Untracked 
|  81|0x0000000086d00000, 0x0000000086d00000, 0x0000000086e00000|  0%| F|  |TAMS 0x0000000086d00000, 0x0000000086d00000| Untracked 
|  82|0x0000000086e00000, 0x0000000086e00000, 0x0000000086f00000|  0%| F|  |TAMS 0x0000000086e00000, 0x0000000086e00000| Untracked 
|  83|0x0000000086f00000, 0x0000000086f00000, 0x0000000087000000|  0%| F|  |TAMS 0x0000000086f00000, 0x0000000086f00000| Untracked 
|  84|0x0000000087000000, 0x0000000087000000, 0x0000000087100000|  0%| F|  |TAMS 0x0000000087000000, 0x0000000087000000| Untracked 
|  85|0x0000000087100000, 0x0000000087100000, 0x0000000087200000|  0%| F|  |TAMS 0x0000000087100000, 0x0000000087100000| Untracked 
|  86|0x0000000087200000, 0x0000000087200000, 0x0000000087300000|  0%| F|  |TAMS 0x0000000087200000, 0x0000000087200000| Untracked 
|  87|0x0000000087300000, 0x0000000087300000, 0x0000000087400000|  0%| F|  |TAMS 0x0000000087300000, 0x0000000087300000| Untracked 
|  88|0x0000000087400000, 0x0000000087400000, 0x0000000087500000|  0%| F|  |TAMS 0x0000000087400000, 0x0000000087400000| Untracked 
|  89|0x0000000087500000, 0x0000000087500000, 0x0000000087600000|  0%| F|  |TAMS 0x0000000087500000, 0x0000000087500000| Untracked 
|  90|0x0000000087600000, 0x0000000087600000, 0x0000000087700000|  0%| F|  |TAMS 0x0000000087600000, 0x0000000087600000| Untracked 
|  91|0x0000000087700000, 0x0000000087700000, 0x0000000087800000|  0%| F|  |TAMS 0x0000000087700000, 0x0000000087700000| Untracked 
|  92|0x0000000087800000, 0x0000000087800000, 0x0000000087900000|  0%| F|  |TAMS 0x0000000087800000, 0x0000000087800000| Untracked 
|  93|0x0000000087900000, 0x0000000087900000, 0x0000000087a00000|  0%| F|  |TAMS 0x0000000087900000, 0x0000000087900000| Untracked 
|  94|0x0000000087a00000, 0x0000000087a00000, 0x0000000087b00000|  0%| F|  |TAMS 0x0000000087a00000, 0x0000000087a00000| Untracked 
|  95|0x0000000087b00000, 0x0000000087b00000, 0x0000000087c00000|  0%| F|  |TAMS 0x0000000087b00000, 0x0000000087b00000| Untracked 
|  96|0x0000000087c00000, 0x0000000087c00000, 0x0000000087d00000|  0%| F|  |TAMS 0x0000000087c00000, 0x0000000087c00000| Untracked 
|  97|0x0000000087d00000, 0x0000000087d00000, 0x0000000087e00000|  0%| F|  |TAMS 0x0000000087d00000, 0x0000000087d00000| Untracked 
|  98|0x0000000087e00000, 0x0000000087e00000, 0x0000000087f00000|  0%| F|  |TAMS 0x0000000087e00000, 0x0000000087e00000| Untracked 
|  99|0x0000000087f00000, 0x0000000087f00000, 0x0000000088000000|  0%| F|  |TAMS 0x0000000087f00000, 0x0000000087f00000| Untracked 
| 100|0x0000000088000000, 0x0000000088000000, 0x0000000088100000|  0%| F|  |TAMS 0x0000000088000000, 0x0000000088000000| Untracked 
| 101|0x0000000088100000, 0x0000000088100000, 0x0000000088200000|  0%| F|  |TAMS 0x0000000088100000, 0x0000000088100000| Untracked 
| 102|0x0000000088200000, 0x0000000088200000, 0x0000000088300000|  0%| F|  |TAMS 0x0000000088200000, 0x0000000088200000| Untracked 
| 103|0x0000000088300000, 0x0000000088300000, 0x0000000088400000|  0%| F|  |TAMS 0x0000000088300000, 0x0000000088300000| Untracked 
| 104|0x0000000088400000, 0x0000000088400000, 0x0000000088500000|  0%| F|  |TAMS 0x0000000088400000, 0x0000000088400000| Untracked 
| 105|0x0000000088500000, 0x0000000088500000, 0x0000000088600000|  0%| F|  |TAMS 0x0000000088500000, 0x0000000088500000| Untracked 
| 106|0x0000000088600000, 0x0000000088600000, 0x0000000088700000|  0%| F|  |TAMS 0x0000000088600000, 0x0000000088600000| Untracked 
| 107|0x0000000088700000, 0x0000000088700000, 0x0000000088800000|  0%| F|  |TAMS 0x0000000088700000, 0x0000000088700000| Untracked 
| 108|0x0000000088800000, 0x0000000088800000, 0x0000000088900000|  0%| F|  |TAMS 0x0000000088800000, 0x0000000088800000| Untracked 
| 109|0x0000000088900000, 0x0000000088900000, 0x0000000088a00000|  0%| F|  |TAMS 0x0000000088900000, 0x0000000088900000| Untracked 
| 110|0x0000000088a00000, 0x0000000088a00000, 0x0000000088b00000|  0%| F|  |TAMS 0x0000000088a00000, 0x0000000088a00000| Untracked 
| 111|0x0000000088b00000, 0x0000000088b00000, 0x0000000088c00000|  0%| F|  |TAMS 0x0000000088b00000, 0x0000000088b00000| Untracked 
| 112|0x0000000088c00000, 0x0000000088c00000, 0x0000000088d00000|  0%| F|  |TAMS 0x0000000088c00000, 0x0000000088c00000| Untracked 
| 113|0x0000000088d00000, 0x0000000088d00000, 0x0000000088e00000|  0%| F|  |TAMS 0x0000000088d00000, 0x0000000088d00000| Untracked 
| 114|0x0000000088e00000, 0x0000000088e00000, 0x0000000088f00000|  0%| F|  |TAMS 0x0000000088e00000, 0x0000000088e00000| Untracked 
| 115|0x0000000088f00000, 0x0000000088f60758, 0x0000000089000000| 37%| E|  |TAMS 0x0000000088f00000, 0x0000000088f00000| Complete 
| 116|0x0000000089000000, 0x0000000089100000, 0x0000000089100000|100%| E|CS|TAMS 0x0000000089000000, 0x0000000089000000| Complete 
| 117|0x0000000089100000, 0x0000000089200000, 0x0000000089200000|100%| E|CS|TAMS 0x0000000089100000, 0x0000000089100000| Complete 
| 118|0x0000000089200000, 0x0000000089300000, 0x0000000089300000|100%| E|CS|TAMS 0x0000000089200000, 0x0000000089200000| Complete 
| 119|0x0000000089300000, 0x0000000089400000, 0x0000000089400000|100%| E|CS|TAMS 0x0000000089300000, 0x0000000089300000| Complete 
| 120|0x0000000089400000, 0x00000000894b13c0, 0x0000000089500000| 69%| S|CS|TAMS 0x0000000089400000, 0x0000000089400000| Complete 
| 121|0x0000000089500000, 0x0000000089600000, 0x0000000089600000|100%| E|CS|TAMS 0x0000000089500000, 0x0000000089500000| Complete 
| 122|0x0000000089600000, 0x0000000089700000, 0x0000000089700000|100%| E|CS|TAMS 0x0000000089600000, 0x0000000089600000| Complete 
| 123|0x0000000089700000, 0x0000000089800000, 0x0000000089800000|100%| E|CS|TAMS 0x0000000089700000, 0x0000000089700000| Complete 
| 124|0x0000000089800000, 0x0000000089900000, 0x0000000089900000|100%| E|CS|TAMS 0x0000000089800000, 0x0000000089800000| Complete 
| 125|0x0000000089900000, 0x0000000089a00000, 0x0000000089a00000|100%| E|CS|TAMS 0x0000000089900000, 0x0000000089900000| Complete 
| 126|0x0000000089a00000, 0x0000000089b00000, 0x0000000089b00000|100%| E|CS|TAMS 0x0000000089a00000, 0x0000000089a00000| Complete 
| 127|0x0000000089b00000, 0x0000000089c00000, 0x0000000089c00000|100%| E|CS|TAMS 0x0000000089b00000, 0x0000000089b00000| Complete 

Card table byte_map: [0x000001c17d810000,0x000001c17dc10000] _byte_map_base: 0x000001c17d402000

Marking Bits (Prev, Next): (CMBitMap*) 0x000001c17d37bb20, (CMBitMap*) 0x000001c17d37bb60
 Prev Bits: [0x000001c17e010000, 0x000001c17ffa0000)
 Next Bits: [0x000001c10a780000, 0x000001c10c710000)

Polling page: 0x000001c17b180000

Metaspace:

Usage:
  Non-class:      8.26 MB used.
      Class:      1.27 MB used.
       Both:      9.54 MB used.

Virtual space:
  Non-class space:       16.00 MB reserved,       8.38 MB ( 52%) committed,  2 nodes.
      Class space:        1.00 GB reserved,       1.44 MB ( <1%) committed,  1 nodes.
             Both:        1.02 GB reserved,       9.81 MB ( <1%) committed. 

Chunk freelists:
   Non-Class:  3.55 MB
       Class:  2.54 MB
        Both:  6.09 MB

MaxMetaspaceSize: unlimited
CompressedClassSpaceSize: 1.00 GB
Initial GC threshold: 21.00 MB
Current GC threshold: 21.00 MB
CDS: on
MetaspaceReclaimPolicy: balanced
 - commit_granule_bytes: 65536.
 - commit_granule_words: 8192.
 - virtual_space_node_default_size: 1048576.
 - enlarge_chunks_in_place: 1.
 - new_chunks_are_fully_committed: 0.
 - uncommit_free_chunks: 1.
 - use_allocation_guard: 0.
 - handle_deallocations: 1.


Internal statistics:

num_allocs_failed_limit: 0.
num_arena_births: 238.
num_arena_deaths: 0.
num_vsnodes_births: 3.
num_vsnodes_deaths: 0.
num_space_committed: 157.
num_space_uncommitted: 0.
num_chunks_returned_to_freelist: 0.
num_chunks_taken_from_freelist: 469.
num_chunk_merges: 0.
num_chunk_splits: 283.
num_chunks_enlarged: 175.
num_purges: 0.
num_inconsistent_stats: 0.

CodeCache: size=49152Kb used=4696Kb max_used=4696Kb free=44455Kb
 bounds [0x000001c107780000, 0x000001c107c20000, 0x000001c10a780000]
 total_blobs=2139 nmethods=1681 adapters=383
 compilation: enabled
              stopped_count=0, restarted_count=0
 full_count=0

Compilation events (20 events):
Event: 1.983 Thread 0x000001c10e975c00 nmethod 1672 0x000001c107c13290 code [0x000001c107c13440, 0x000001c107c136e8]
Event: 1.983 Thread 0x000001c10ea1d3f0 nmethod 1671 0x000001c107c13810 code [0x000001c107c13a00, 0x000001c107c13e58]
Event: 1.983 Thread 0x000001c10e975c00 1673       1       java.lang.Enum::hashCode (5 bytes)
Event: 1.983 Thread 0x000001c10ea1d3f0 1674       1       java.util.stream.Sink::begin (1 bytes)
Event: 1.983 Thread 0x000001c10e975c00 nmethod 1673 0x000001c107c14110 code [0x000001c107c142a0, 0x000001c107c14388]
Event: 1.983 Thread 0x000001c10ea1d3f0 nmethod 1674 0x000001c107c14410 code [0x000001c107c145a0, 0x000001c107c14658]
Event: 1.984 Thread 0x000001c10ea1db90 1675       1       java.util.Spliterators$IteratorSpliterator::tryAdvance (77 bytes)
Event: 1.984 Thread 0x000001c10ea1db90 nmethod 1675 0x000001c107c14710 code [0x000001c107c14900, 0x000001c107c14bf8]
Event: 1.985 Thread 0x000001c10e975c00 1676       1       java.util.concurrent.ConcurrentHashMap::sumCount (60 bytes)
Event: 1.985 Thread 0x000001c10ea1d3f0 1677       1       java.lang.StringBuilder::append (9 bytes)
Event: 1.985 Thread 0x000001c10ea1db90 1678       1       java.util.ArrayDeque::dec (13 bytes)
Event: 1.985 Thread 0x000001c10e975c00 nmethod 1676 0x000001c107c14d10 code [0x000001c107c14ea0, 0x000001c107c14fd8]
Event: 1.985 Thread 0x000001c10ea1d3f0 nmethod 1677 0x000001c107c15110 code [0x000001c107c152c0, 0x000001c107c153f8]
Event: 1.985 Thread 0x000001c10ea1db90 nmethod 1678 0x000001c107c15510 code [0x000001c107c156a0, 0x000001c107c15758]
Event: 1.985 Thread 0x000001c10e975c00 1679       1       java.lang.ProcessEnvironment::nonNullString (17 bytes)
Event: 1.985 Thread 0x000001c10ea1d3f0 1680       1       org.springframework.boot.context.properties.source.SpringIterableConfigurationPropertySource::getPropertySource (8 bytes)
Event: 1.985 Thread 0x000001c10ea1d3f0 nmethod 1680 0x000001c107c15810 code [0x000001c107c159a0, 0x000001c107c15a98]
Event: 1.985 Thread 0x000001c10e975c00 nmethod 1679 0x000001c107c15b10 code [0x000001c107c15ca0, 0x000001c107c15e28]
Event: 1.985 Thread 0x000001c10ea1db90 1681       1       java.util.concurrent.CopyOnWriteArrayList::size (6 bytes)
Event: 1.986 Thread 0x000001c10ea1db90 nmethod 1681 0x000001c107c15f10 code [0x000001c107c160a0, 0x000001c107c16178]

GC Heap History (4 events):
Event: 1.257 GC heap before
{Heap before GC invocations=0 (full 0):
 garbage-first heap   total 131072K, used 14336K [0x0000000081c00000, 0x0000000100000000)
  region size 1024K, 13 young (13312K), 0 survivors (0K)
 Metaspace       used 5467K, committed 5632K, reserved 1056768K
  class space    used 642K, committed 704K, reserved 1048576K
}
Event: 1.265 GC heap after
{Heap after GC invocations=1 (full 0):
 garbage-first heap   total 131072K, used 6508K [0x0000000081c00000, 0x0000000100000000)
  region size 1024K, 2 young (2048K), 2 survivors (2048K)
 Metaspace       used 5467K, committed 5632K, reserved 1056768K
  class space    used 642K, committed 704K, reserved 1048576K
}
Event: 1.605 GC heap before
{Heap before GC invocations=1 (full 0):
 garbage-first heap   total 131072K, used 13676K [0x0000000081c00000, 0x0000000100000000)
  region size 1024K, 9 young (9216K), 2 survivors (2048K)
 Metaspace       used 7077K, committed 7296K, reserved 1056768K
  class space    used 881K, committed 1024K, reserved 1048576K
}
Event: 1.609 GC heap after
{Heap after GC invocations=2 (full 0):
 garbage-first heap   total 131072K, used 7280K [0x0000000081c00000, 0x0000000100000000)
  region size 1024K, 1 young (1024K), 1 survivors (1024K)
 Metaspace       used 7077K, committed 7296K, reserved 1056768K
  class space    used 881K, committed 1024K, reserved 1048576K
}

Deoptimization events (4 events):
Event: 1.202 Thread 0x000001c17d33c880 DEOPT PACKING pc=0x000001c1079fa585 sp=0x00000005252fe130
Event: 1.202 Thread 0x000001c17d33c880 DEOPT UNPACKING pc=0x000001c1077d2b43 sp=0x00000005252fd690 mode 3
Event: 1.496 Thread 0x000001c17d33c880 DEOPT PACKING pc=0x000001c107a5b4f5 sp=0x00000005252fda90
Event: 1.496 Thread 0x000001c17d33c880 DEOPT UNPACKING pc=0x000001c1077d2b43 sp=0x00000005252fcee8 mode 3

Classes unloaded (0 events):
No events

Classes redefined (0 events):
No events

Internal exceptions (20 events):
Event: 1.589 Thread 0x000001c17d33c880 Exception <a 'java/lang/NoSuchMethodError'{0x0000000089573400}: 'java.lang.Object java.lang.invoke.DirectMethodHandle$Holder.newInvokeSpecial(java.lang.Object, java.lang.Object, java.lang.Object, java.lang.Object, java.lang.Object)'> (0x0000000089573400) 
thrown [t:\workspace\open\src\hotspot\share\interpreter\linkResolver.cpp, line 766]
Event: 1.598 Thread 0x000001c17d33c880 Exception <a 'java/lang/NoSuchMethodError'{0x00000000895c3208}: 'java.lang.Object java.lang.invoke.DirectMethodHandle$Holder.invokeStaticInit(java.lang.Object, java.lang.Object, java.lang.Object)'> (0x00000000895c3208) 
thrown [t:\workspace\open\src\hotspot\share\interpreter\linkResolver.cpp, line 766]
Event: 1.618 Thread 0x000001c17d33c880 Exception <a 'java/lang/IncompatibleClassChangeError'{0x0000000089b36880}: Found class java.lang.Object, but interface was expected> (0x0000000089b36880) 
thrown [t:\workspace\open\src\hotspot\share\interpreter\linkResolver.cpp, line 833]
Event: 1.638 Thread 0x000001c17d33c880 Exception <a 'sun/nio/fs/WindowsException'{0x0000000089bb95d0}> (0x0000000089bb95d0) 
thrown [t:\workspace\open\src\hotspot\share\prims\jni.cpp, line 516]
Event: 1.829 Thread 0x000001c1100ec370 Exception <a 'java/lang/NoSuchMethodError'{0x0000000089595c58}: static [B.<clinit>()V> (0x0000000089595c58) 
thrown [t:\workspace\open\src\hotspot\share\prims\jni.cpp, line 1107]
Event: 1.830 Thread 0x000001c17d33c880 Exception <a 'java/lang/NoSuchMethodError'{0x0000000089575918}: 'java.lang.Object java.lang.invoke.DirectMethodHandle$Holder.newInvokeSpecial(java.lang.Object, java.lang.Object, java.lang.Object, java.lang.Object, java.lang.Object, java.lang.Object)'> (0x0000000089575918) 
thrown [t:\workspace\open\src\hotspot\share\interpreter\linkResolver.cpp, line 766]
Event: 1.841 Thread 0x000001c17d33c880 Exception <a 'java/lang/NoSuchMethodError'{0x00000000895e9e48}: 'int java.lang.invoke.DirectMethodHandle$Holder.invokeStatic(java.lang.Object, java.lang.Object, java.lang.Object, java.lang.Object)'> (0x00000000895e9e48) 
thrown [t:\workspace\open\src\hotspot\share\interpreter\linkResolver.cpp, line 766]
Event: 1.842 Thread 0x000001c17d33c880 Exception <a 'java/lang/NoSuchMethodError'{0x00000000895ed7c8}: 'java.lang.Object java.lang.invoke.Invokers$Holder.invokeExact_MT(java.lang.Object, java.lang.Object, java.lang.Object, java.lang.Object, java.lang.Object, java.lang.Object)'> (0x00000000895ed7c8) 
thrown [t:\workspace\open\src\hotspot\share\interpreter\linkResolver.cpp, line 766]
Event: 1.843 Thread 0x000001c1100ec370 Exception <a 'java/lang/ClassNotFoundException'{0x000000008931e3e0}: javax/management/remote/rmi/RMIConnectionImpl_Skel> (0x000000008931e3e0) 
thrown [t:\workspace\open\src\hotspot\share\classfile\systemDictionary.cpp, line 256]
Event: 1.850 Thread 0x000001c1100f7e80 Exception <a 'java/lang/NoSuchMethodError'{0x00000000893cc810}: 'java.lang.Object java.lang.invoke.Invokers$Holder.linkToTargetMethod(java.lang.Object, long, java.lang.Object)'> (0x00000000893cc810) 
thrown [t:\workspace\open\src\hotspot\share\interpreter\linkResolver.cpp, line 766]
Event: 1.856 Thread 0x000001c1100ec370 Exception <a 'java/lang/reflect/InvocationTargetException'{0x00000000893ead90}> (0x00000000893ead90) 
thrown [t:\workspace\open\src\hotspot\share\runtime\reflection.cpp, line 1121]
Event: 1.861 Thread 0x000001c17d33c880 Exception <a 'java/lang/NoSuchMethodError'{0x00000000893a1140}: 'java.lang.Object java.lang.invoke.DirectMethodHandle$Holder.invokeSpecial(java.lang.Object, java.lang.Object, java.lang.Object, java.lang.Object, java.lang.Object, java.lang.Object, int)'> (0x00000000893a1140) 
thrown [t:\workspace\open\src\hotspot\share\interpreter\linkResolver.cpp, line 766]
Event: 1.862 Thread 0x000001c1100ec370 Exception <a 'java/lang/NoSuchMethodError'{0x000000008920d2b8}: static [Ljava/lang/StackTraceElement;.<clinit>()V> (0x000000008920d2b8) 
thrown [t:\workspace\open\src\hotspot\share\prims\jni.cpp, line 1107]
Event: 1.865 Thread 0x000001c17d33c880 Exception <a 'java/lang/NoSuchMethodError'{0x00000000893ab6a8}: 'java.lang.Object java.lang.invoke.DirectMethodHandle$Holder.newInvokeSpecial(java.lang.Object, java.lang.Object, java.lang.Object, java.lang.Object, java.lang.Object, java.lang.Object, int)'> (0x00000000893ab6a8) 
thrown [t:\workspace\open\src\hotspot\share\interpreter\linkResolver.cpp, line 766]
Event: 1.867 Thread 0x000001c17d33c880 Exception <a 'java/lang/NoSuchMethodError'{0x0000000089235598}: 'java.lang.Object java.lang.invoke.DirectMethodHandle$Holder.invokeSpecial(java.lang.Object, java.lang.Object, java.lang.Object, java.lang.Object, java.lang.Object, java.lang.Object, java.lang.Object, int)'> (0x0000000089235598) 
thrown [t:\workspace\open\src\hotspot\share\interpreter\linkResolver.cpp, line 766]
Event: 1.969 Thread 0x000001c17d33c880 Exception <a 'java/lang/NoSuchMethodError'{0x0000000089081b08}: 'java.lang.Object java.lang.invoke.DirectMethodHandle$Holder.invokeSpecial(java.lang.Object, java.lang.Object, java.lang.Object, int, java.lang.Object)'> (0x0000000089081b08) 
thrown [t:\workspace\open\src\hotspot\share\interpreter\linkResolver.cpp, line 766]
Event: 1.970 Thread 0x000001c17d33c880 Exception <a 'java/lang/NoSuchMethodError'{0x000000008908a070}: 'java.lang.Object java.lang.invoke.DirectMethodHandle$Holder.newInvokeSpecial(java.lang.Object, java.lang.Object, java.lang.Object, int, java.lang.Object)'> (0x000000008908a070) 
thrown [t:\workspace\open\src\hotspot\share\interpreter\linkResolver.cpp, line 766]
Event: 1.971 Thread 0x000001c17d33c880 Exception <a 'java/lang/NoSuchMethodError'{0x0000000089091a40}: 'java.lang.Object java.lang.invoke.Invokers$Holder.linkToTargetMethod(java.lang.Object, java.lang.Object, int, java.lang.Object, java.lang.Object)'> (0x0000000089091a40) 
thrown [t:\workspace\open\src\hotspot\share\interpreter\linkResolver.cpp, line 766]
Event: 1.973 Thread 0x000001c17d33c880 Exception <a 'java/lang/NoSuchMethodError'{0x00000000890a0908}: 'java.lang.Object java.lang.invoke.DirectMethodHandle$Holder.newInvokeSpecial(java.lang.Object, int, java.lang.Object)'> (0x00000000890a0908) 
thrown [t:\workspace\open\src\hotspot\share\interpreter\linkResolver.cpp, line 766]
Event: 1.974 Thread 0x000001c17d33c880 Exception <a 'java/lang/NoSuchMethodError'{0x00000000890a48d8}: 'int java.lang.invoke.DirectMethodHandle$Holder.invokeSpecialIFC(java.lang.Object, java.lang.Object, java.lang.Object, java.lang.Object)'> (0x00000000890a48d8) 
thrown [t:\workspace\open\src\hotspot\share\interpreter\linkResolver.cpp, line 766]

VM Operations (20 events):
Event: 0.693 Executing VM operation: HandshakeAllThreads
Event: 0.693 Executing VM operation: HandshakeAllThreads done
Event: 0.934 Executing VM operation: HandshakeAllThreads
Event: 0.934 Executing VM operation: HandshakeAllThreads done
Event: 1.193 Executing VM operation: HandshakeAllThreads
Event: 1.193 Executing VM operation: HandshakeAllThreads done
Event: 1.193 Executing VM operation: Cleanup
Event: 1.193 Executing VM operation: Cleanup done
Event: 1.201 Executing VM operation: HandshakeAllThreads
Event: 1.201 Executing VM operation: HandshakeAllThreads done
Event: 1.257 Executing VM operation: G1CollectForAllocation
Event: 1.265 Executing VM operation: G1CollectForAllocation done
Event: 1.605 Executing VM operation: G1CollectForAllocation
Event: 1.609 Executing VM operation: G1CollectForAllocation done
Event: 1.639 Executing VM operation: HandshakeAllThreads
Event: 1.639 Executing VM operation: HandshakeAllThreads done
Event: 1.841 Executing VM operation: HandshakeAllThreads
Event: 1.841 Executing VM operation: HandshakeAllThreads done
Event: 1.944 Executing VM operation: HandshakeAllThreads
Event: 1.944 Executing VM operation: HandshakeAllThreads done

Events (20 events):
Event: 1.861 loading class java/lang/StackTraceElement$HashedModules done
Event: 1.866 loading class java/rmi/AccessException
Event: 1.866 loading class java/rmi/AccessException done
Event: 1.870 loading class java/rmi/server/UnicastRemoteObject
Event: 1.870 loading class java/rmi/server/UnicastRemoteObject done
Event: 1.870 Thread 0x000001c1100f7e80 Thread exited: 0x000001c1100f7e80
Event: 1.944 loading class java/io/LineNumberReader
Event: 1.944 loading class java/io/LineNumberReader done
Event: 1.945 loading class sun/net/ProgressMonitor
Event: 1.945 loading class sun/net/ProgressMonitor done
Event: 1.945 loading class sun/net/DefaultProgressMeteringPolicy
Event: 1.945 loading class sun/net/ProgressMeteringPolicy
Event: 1.945 loading class sun/net/ProgressMeteringPolicy done
Event: 1.945 loading class sun/net/DefaultProgressMeteringPolicy done
Event: 1.946 loading class sun/nio/cs/ISO_8859_1$Decoder
Event: 1.946 loading class sun/nio/cs/ISO_8859_1$Decoder done
Event: 1.956 loading class java/util/stream/MatchOps$1MatchSink
Event: 1.956 loading class java/util/stream/MatchOps$1MatchSink done
Event: 1.965 loading class sun/reflect/generics/scope/ConstructorScope
Event: 1.965 loading class sun/reflect/generics/scope/ConstructorScope done


Dynamic libraries:
0x00007ff6bf930000 - 0x00007ff6bf940000 	C:\Program Files\Java\jdk-17.0.2\bin\java.exe
0x00007ffa37510000 - 0x00007ffa37708000 	C:\Windows\SYSTEM32\ntdll.dll
0x00007ffa36700000 - 0x00007ffa367bf000 	C:\Windows\System32\KERNEL32.DLL
0x00007ffa351d0000 - 0x00007ffa354a2000 	C:\Windows\System32\KERNELBASE.dll
0x00007ffa34f70000 - 0x00007ffa35070000 	C:\Windows\System32\ucrtbase.dll
0x00007ffa232a0000 - 0x00007ffa232ba000 	C:\Program Files\Java\jdk-17.0.2\bin\VCRUNTIME140.dll
0x00007ffa23280000 - 0x00007ffa23298000 	C:\Program Files\Java\jdk-17.0.2\bin\jli.dll
0x00007ffa36a70000 - 0x00007ffa36b1e000 	C:\Windows\System32\ADVAPI32.dll
0x00007ffa37380000 - 0x00007ffa3741e000 	C:\Windows\System32\msvcrt.dll
0x00007ffa363f0000 - 0x00007ffa3648c000 	C:\Windows\System32\sechost.dll
0x00007ffa35bb0000 - 0x00007ffa35cd4000 	C:\Windows\System32\RPCRT4.dll
0x00007ffa36830000 - 0x00007ffa369d1000 	C:\Windows\System32\USER32.dll
0x00007ffa34f40000 - 0x00007ffa34f62000 	C:\Windows\System32\win32u.dll
0x00007ffa366d0000 - 0x00007ffa366fb000 	C:\Windows\System32\GDI32.dll
0x00007ffa34d70000 - 0x00007ffa34e7f000 	C:\Windows\System32\gdi32full.dll
0x00007ffa34c60000 - 0x00007ffa34cfd000 	C:\Windows\System32\msvcp_win.dll
0x00007ffa1c490000 - 0x00007ffa1c72a000 	C:\Windows\WinSxS\amd64_microsoft.windows.common-controls_6595b64144ccf1df_6.0.19041.1110_none_60b5254171f9507e\COMCTL32.dll
0x00007ffa27170000 - 0x00007ffa2717a000 	C:\Windows\SYSTEM32\VERSION.dll
0x00007ffa37270000 - 0x00007ffa372a0000 	C:\Windows\System32\IMM32.DLL
0x00007ffa2a9e0000 - 0x00007ffa2a9ec000 	C:\Program Files\Java\jdk-17.0.2\bin\vcruntime140_1.dll
0x00007ffa22110000 - 0x00007ffa2219d000 	C:\Program Files\Java\jdk-17.0.2\bin\msvcp140.dll
0x00007ff9bda10000 - 0x00007ff9be5d1000 	C:\Program Files\Java\jdk-17.0.2\bin\server\jvm.dll
0x00007ffa36080000 - 0x00007ffa36088000 	C:\Windows\System32\PSAPI.DLL
0x00007ffa173e0000 - 0x00007ffa173e9000 	C:\Windows\SYSTEM32\WSOCK32.dll
0x00007ffa36a00000 - 0x00007ffa36a6b000 	C:\Windows\System32\WS2_32.dll
0x00007ffa07a40000 - 0x00007ffa07a67000 	C:\Windows\SYSTEM32\WINMM.dll
0x00007ffa33460000 - 0x00007ffa33472000 	C:\Windows\SYSTEM32\kernel.appcore.dll
0x00007ffa2a9d0000 - 0x00007ffa2a9da000 	C:\Program Files\Java\jdk-17.0.2\bin\jimage.dll
0x00007ffa300c0000 - 0x00007ffa302a4000 	C:\Windows\SYSTEM32\DBGHELP.DLL
0x00007ffa19ce0000 - 0x00007ffa19d15000 	C:\Windows\SYSTEM32\dbgcore.DLL
0x00007ffa34e80000 - 0x00007ffa34f02000 	C:\Windows\System32\bcryptPrimitives.dll
0x00007ffa2b930000 - 0x00007ffa2b93e000 	C:\Program Files\Java\jdk-17.0.2\bin\instrument.dll
0x00007ffa23250000 - 0x00007ffa23275000 	C:\Program Files\Java\jdk-17.0.2\bin\java.dll
0x00007ff9e6840000 - 0x00007ff9e6916000 	C:\Program Files\Java\jdk-17.0.2\bin\jsvml.dll
0x00007ffa36b20000 - 0x00007ffa37265000 	C:\Windows\System32\SHELL32.dll
0x00007ffa32cb0000 - 0x00007ffa33442000 	C:\Windows\SYSTEM32\windows.storage.dll
0x00007ffa36090000 - 0x00007ffa363e5000 	C:\Windows\System32\combase.dll
0x00007ffa34590000 - 0x00007ffa345c0000 	C:\Windows\SYSTEM32\Wldp.dll
0x00007ffa35630000 - 0x00007ffa356dd000 	C:\Windows\System32\SHCORE.dll
0x00007ffa367c0000 - 0x00007ffa36815000 	C:\Windows\System32\shlwapi.dll
0x00007ffa34b50000 - 0x00007ffa34b6f000 	C:\Windows\SYSTEM32\profapi.dll
0x00007ffa19af0000 - 0x00007ffa19b08000 	C:\Program Files\Java\jdk-17.0.2\bin\zip.dll
0x00007ffa231c0000 - 0x00007ffa231d9000 	C:\Program Files\Java\jdk-17.0.2\bin\net.dll
0x00007ffa2fce0000 - 0x00007ffa2fdea000 	C:\Windows\SYSTEM32\WINHTTP.dll
0x00007ffa342f0000 - 0x00007ffa3435a000 	C:\Windows\system32\mswsock.dll
0x00007ffa231a0000 - 0x00007ffa231b6000 	C:\Program Files\Java\jdk-17.0.2\bin\nio.dll
0x00007ffa2b710000 - 0x00007ffa2b72a000 	C:\Program Files\JetBrains\IntelliJ IDEA 2022.2.2\bin\breakgen64.dll
0x00007ffa34020000 - 0x00007ffa340eb000 	C:\Windows\SYSTEM32\DNSAPI.dll
0x00007ffa33fe0000 - 0x00007ffa3401b000 	C:\Windows\SYSTEM32\IPHLPAPI.DLL
0x00007ffa35da0000 - 0x00007ffa35da8000 	C:\Windows\System32\NSI.dll
0x00007ffa1fda0000 - 0x00007ffa1fdaa000 	C:\Windows\System32\rasadhlp.dll
0x00007ffa1fc60000 - 0x00007ffa1fce0000 	C:\Windows\System32\fwpuclnt.dll
0x00007ffa34f10000 - 0x00007ffa34f37000 	C:\Windows\System32\bcrypt.dll
0x00007ffa2b700000 - 0x00007ffa2b709000 	C:\Program Files\Java\jdk-17.0.2\bin\management.dll
0x00007ffa29900000 - 0x00007ffa2990b000 	C:\Program Files\Java\jdk-17.0.2\bin\management_ext.dll
0x00007ffa344f0000 - 0x00007ffa34508000 	C:\Windows\SYSTEM32\CRYPTSP.dll
0x00007ffa33c10000 - 0x00007ffa33c44000 	C:\Windows\system32\rsaenh.dll
0x00007ffa34b10000 - 0x00007ffa34b3e000 	C:\Windows\SYSTEM32\USERENV.dll
0x00007ffa344e0000 - 0x00007ffa344ec000 	C:\Windows\SYSTEM32\CRYPTBASE.dll
0x00007ffa27010000 - 0x00007ffa27027000 	C:\Windows\SYSTEM32\dhcpcsvc6.DLL
0x00007ffa26ff0000 - 0x00007ffa2700d000 	C:\Windows\SYSTEM32\dhcpcsvc.DLL
0x00007ffa13910000 - 0x00007ffa13927000 	C:\Windows\system32\napinsp.dll
0x00007ffa138f0000 - 0x00007ffa1390b000 	C:\Windows\system32\pnrpnsp.dll
0x00007ffa138a0000 - 0x00007ffa138b5000 	C:\Windows\system32\wshbth.dll
0x00007ffa2fa20000 - 0x00007ffa2fa3d000 	C:\Windows\system32\NLAapi.dll
0x00007ffa13880000 - 0x00007ffa13892000 	C:\Windows\System32\winrnr.dll

dbghelp: loaded successfully - version: 4.0.5 - missing functions: none
symbol engine: initialized successfully - sym options: 0x614 - pdb path: .;C:\Program Files\Java\jdk-17.0.2\bin;C:\Windows\SYSTEM32;C:\Windows\WinSxS\amd64_microsoft.windows.common-controls_6595b64144ccf1df_6.0.19041.1110_none_60b5254171f9507e;C:\Program Files\Java\jdk-17.0.2\bin\server;C:\Program Files\JetBrains\IntelliJ IDEA 2022.2.2\bin

VM Arguments:
jvm_args: -XX:TieredStopAtLevel=1 -Dspring.output.ansi.enabled=always -Dcom.sun.management.jmxremote -Dspring.jmx.enabled=true -Dspring.liveBeansView.mbeanDomain -Dspring.application.admin.enabled=true -javaagent:C:\Program Files\JetBrains\IntelliJ IDEA 2022.2.2\lib\idea_rt.jar=64599:C:\Program Files\JetBrains\IntelliJ IDEA 2022.2.2\bin -Dfile.encoding=UTF-8 
java_command: com.example.controlejee_ikramboussairi.ControleJeeIkramBoussairiApplication
java_class_path (initial): C:\Users\pc\Desktop\ControleJEE_IkramBOUSSAIRI\target\classes;C:\Users\pc\.m2\repository\org\springframework\boot\spring-boot-starter-data-jpa\3.0.5\spring-boot-starter-data-jpa-3.0.5.jar;C:\Users\pc\.m2\repository\org\springframework\boot\spring-boot-starter-aop\3.0.5\spring-boot-starter-aop-3.0.5.jar;C:\Users\pc\.m2\repository\org\springframework\spring-aop\6.0.7\spring-aop-6.0.7.jar;C:\Users\pc\.m2\repository\org\aspectj\aspectjweaver\1.9.19\aspectjweaver-1.9.19.jar;C:\Users\pc\.m2\repository\org\springframework\boot\spring-boot-starter-jdbc\3.0.5\spring-boot-starter-jdbc-3.0.5.jar;C:\Users\pc\.m2\repository\com\zaxxer\HikariCP\5.0.1\HikariCP-5.0.1.jar;C:\Users\pc\.m2\repository\org\springframework\spring-jdbc\6.0.7\spring-jdbc-6.0.7.jar;C:\Users\pc\.m2\repository\org\hibernate\orm\hibernate-core\6.1.7.Final\hibernate-core-6.1.7.Final.jar;C:\Users\pc\.m2\repository\jakarta\persistence\jakarta.persistence-api\3.1.0\jakarta.persistence-api-3.1.0.jar;C:\Users\pc\.m2\repository\jakarta\transaction\jakarta.transaction-api\2.0.1\jakarta.transaction-api-2.0.1.jar;C:\Users\pc\.m2\repository\org\jboss\logging\jboss-logging\3.5.0.Final\jboss-logging-3.5.0.Final.jar;C:\Users\pc\.m2\repository\org\hibernate\common\hibernate-commons-annotations\6.0.6.Final\hibernate-commons-annotations-6.0.6.Final.jar;C:\Users\pc\.m2\repository\org\jboss\jandex\2.4.2.Final\jandex-2.4.2.Final.jar;C:\Users\pc\.m2\repository\com\fasterxml\classmate\1.5.1\classmate-1.5.1.jar;C:\Users\pc\.m2\repository\net\bytebuddy\byte-buddy\1.12.23\byte-buddy-1.12.23.jar;C:\Users\pc\.m2\repository\org\glassfish\jaxb\jaxb-runtime\4.0.2\jaxb-runtime-4.0.2.jar;C:\Users\pc\.m2\repository\org\glassfish\jaxb\jaxb-core\4.0.2\jaxb-core-4.0.2.jar;C:\Users\pc\.m2\repository\org\eclipse\angus\angus-activation\2.0.0\angus-activation-2.0.0.jar;C:\Users\pc\.m2\repository\org\glassfish\jaxb\txw2\4.0.2\txw2-4.0.2.jar;C:\Users\pc\.m2\repository\com\sun\istack\istack-commons-runtime\4.1.1\istack-comm
Launcher Type: SUN_STANDARD

[Global flags]
     intx CICompilerCount                          = 3                                         {product} {ergonomic}
     uint ConcGCThreads                            = 1                                         {product} {ergonomic}
     uint G1ConcRefinementThreads                  = 4                                         {product} {ergonomic}
   size_t G1HeapRegionSize                         = 1048576                                   {product} {ergonomic}
    uintx GCDrainStackTargetSize                   = 64                                        {product} {ergonomic}
   size_t InitialHeapSize                          = 134217728                                 {product} {ergonomic}
     bool ManagementServer                         = true                                      {product} {command line}
   size_t MarkStackSize                            = 4194304                                   {product} {ergonomic}
   size_t MaxHeapSize                              = 2118123520                                {product} {ergonomic}
   size_t MaxNewSize                               = 1270874112                                {product} {ergonomic}
   size_t MinHeapDeltaBytes                        = 1048576                                   {product} {ergonomic}
   size_t MinHeapSize                              = 8388608                                   {product} {ergonomic}
    uintx NonProfiledCodeHeapSize                  = 0                                      {pd product} {ergonomic}
     bool ProfileInterpreter                       = false                                  {pd product} {command line}
    uintx ProfiledCodeHeapSize                     = 0                                      {pd product} {ergonomic}
   size_t SoftMaxHeapSize                          = 2118123520                             {manageable} {ergonomic}
     intx TieredStopAtLevel                        = 1                                         {product} {command line}
     bool UseCompressedClassPointers               = true                           {product lp64_product} {ergonomic}
     bool UseCompressedOops                        = true                           {product lp64_product} {ergonomic}
     bool UseG1GC                                  = true                                      {product} {ergonomic}
     bool UseLargePagesIndividualAllocation        = false                                  {pd product} {ergonomic}

Logging:
Log output configuration:
 #0: stdout all=warning uptime,level,tags
 #1: stderr all=off uptime,level,tags

Environment Variables:
PATH=C:\Users\pc\Desktop\Oracle\bin;C:\Program Files\Java\jdk1.8.0_202\bin;C:\Program Files\Java\jdk-17.0.2\bin;C:\Program Files (x86)\Common Files\Oracle\Java\javapath;C:\oraclexe\app\oracle\product\11.2.0\server\bin;C:\Windows\system32;C:\Windows;C:\Windows\System32\Wbem;C:\Windows\System32\WindowsPowerShell\v1.0\;C:\Windows\System32\OpenSSH\;C:\Program Files\Java\jdk-13.0.2\bin;C:\Program Files\Git\cmd;C:\Program Files\nodejs\;C:\Program Files\Java\jdk-13.0.2\bin;C:\Program Files\MySQL\MySQL Shell 8.0\bin\;C:\Users\pc\AppData\Local\Microsoft\WindowsApps;C:\Users\pc\AppData\Local\Programs\Microsoft VS Code\bin;C:\Users\pc\AppData\Roaming\npm;C:\Program Files\Java\jre1.8.0_251\bin;C:\Program Files\Java\jdk-17.0.2\bin;C:\Program Files\JetBrains\IntelliJ IDEA 2022.2.2\bin;;C:\Flex Windows\gcc\bin;C:\Flex Windows\Lex\bin;C:\Flex Windows\bison\bin
USERNAME=pc
OS=Windows_NT
PROCESSOR_IDENTIFIER=Intel64 Family 6 Model 78 Stepping 3, GenuineIntel



---------------  S Y S T E M  ---------------

OS:
 Windows 10 , 64 bit Build 19041 (10.0.19041.2546)
OS uptime: 1 days 11:51 hours

CPU: total 4 (initial active 4) (2 cores per cpu, 2 threads per core) family 6 model 78 stepping 3 microcode 0xcc, cx8, cmov, fxsr, ht, mmx, 3dnowpref, sse, sse2, sse3, ssse3, sse4.1, sse4.2, popcnt, lzcnt, tsc, tscinvbit, avx, avx2, aes, erms, clmul, bmi1, bmi2, rtm, adx, fma, vzeroupper, clflush, clflushopt

Memory: 4k page, system-wide physical 8072M (754M free)
TotalPageFile size 16801M (AvailPageFile size 215M)
current process WorkingSet (physical memory assigned to process): 75M, peak: 75M
current process commit charge ("private bytes"): 218M, peak: 218M

vm_info: Java HotSpot(TM) 64-Bit Server VM (17.0.2+8-LTS-86) for windows-amd64 JRE (17.0.2+8-LTS-86), built on Dec  7 2021 21:51:03 by "mach5one" with MS VC++ 16.8 / 16.9 (VS2019)

END.
